<?xml version="1.0" encoding="UTF-8"?>
<!-- Generated by org.testng.reporters.JUnitReportReporter -->
<testsuite skipped="0" hostname="Hp-PC" name="products.TC03_ProductsTest" tests="1" failures="0" timestamp="2021-07-03T11:44:37 IST" time="36.147" errors="0">
  <testcase name="createProduct" time="36.147" classname="products.TC03_ProductsTest"/>
  <system-out>
Product Created Successfully  </system-out>
</testsuite> <!-- products.TC03_ProductsTest -->
